<?xml version="1.0" encoding="UTF-8"?>
<!-- Generated by org.testng.reporters.JUnitReportReporter -->
<testsuite hostname="DESKTOP-TLRRO3B" failures="0" tests="1" name="TestCase.TestCase" time="12.381" errors="0" timestamp="2022-11-07T13:34:36 IST" skipped="0">
  <testcase classname="TestCase.TestCase" name="TC001_happyPath" time="12.381"/>
  <system-out/>
</testsuite> <!-- TestCase.TestCase -->
