<?xml version="1.0" encoding="UTF-8"?>
<!-- Generated by org.testng.reporters.JUnitReportReporter -->
<testsuite hostname="DESKTOP-TLRRO3B" failures="0" tests="1" name="TestCase.HappyPath" time="3.917" errors="0" timestamp="2022-11-05T15:27:32 IST" skipped="0">
  <testcase classname="TestCase.HappyPath" name="happyPath" time="3.917"/>
  <system-out/>
</testsuite> <!-- TestCase.HappyPath -->
